# JRE version: Java(TM) SE Runtime Environment (21.0+35) (build 21+35-LTS-2513)
# Java VM: Java HotSpot(TM) 64-Bit Server VM (21+35-LTS-2513, mixed mode, emulated-client, sharing, tiered, compressed oops, compressed class ptrs, g1 gc, bsd-aarch64)
GC Precious Log:
 CardTable entry size: 512
 Card Set container configuration: InlinePtr #cards 5 size 8 Array Of Cards #cards 12 size 40 Howl #buckets 4 coarsen threshold 1843 Howl Bitmap #cards 512 size 80 coarsen threshold 460 Card regions per heap region 1 cards per card region 2048
 CPUs: 8 total, 8 available
 Memory: 8192M
 Large Page Support: Disabled
 NUMA Support: Disabled
 Compressed Oops: Enabled (Zero based)
 Heap Region Size: 1M
 Heap Min Capacity: 8M
 Heap Initial Capacity: 128M
 Heap Max Capacity: 2G
 Pre-touch: Disabled
 Parallel Workers: 8
 Concurrent Workers: 2
 Concurrent Refinement Workers: 8
 Periodic GC: Disabled
Heap:
 garbage-first heap   total 89088K, used 55083K [0x0000000780000000, 0x0000000800000000)
  region size 1024K, 29 young (29696K), 4 survivors (4096K)
 Metaspace       used 71642K, committed 72256K, reserved 1114112K
  class space    used 9835K, committed 10176K, reserved 1048576K
GC Heap History (20 events):
Event: 1110.504 GC heap before
{Heap before GC invocations=51 (full 2):
 garbage-first heap   total 92160K, used 80217K [0x0000000780000000, 0x0000000800000000)
  region size 1024K, 47 young (48128K), 2 survivors (2048K)
 Metaspace       used 71210K, committed 71872K, reserved 1114112K
  class space    used 9791K, committed 10112K, reserved 1048576K
}
Event: 1110.508 GC heap after
{Heap after GC invocations=52 (full 2):
 garbage-first heap   total 92160K, used 32936K [0x0000000780000000, 0x0000000800000000)
  region size 1024K, 2 young (2048K), 2 survivors (2048K)
 Metaspace       used 71210K, committed 71872K, reserved 1114112K
  class space    used 9791K, committed 10112K, reserved 1048576K
}
Event: 1144.311 GC heap before
{Heap before GC invocations=52 (full 2):
 garbage-first heap   total 92160K, used 57512K [0x0000000780000000, 0x0000000800000000)
  region size 1024K, 27 young (27648K), 2 survivors (2048K)
 Metaspace       used 71219K, committed 71872K, reserved 1114112K
  class space    used 9793K, committed 10112K, reserved 1048576K
}
Event: 1144.366 GC heap after
{Heap after GC invocations=53 (full 3):
 garbage-first heap   total 89088K, used 23690K [0x0000000780000000, 0x0000000800000000)
  region size 1024K, 0 young (0K), 0 survivors (0K)
 Metaspace       used 70633K, committed 71744K, reserved 1114112K
  class space    used 9742K, committed 10112K, reserved 1048576K
}
Event: 1145.030 GC heap before
{Heap before GC invocations=53 (full 3):
 garbage-first heap   total 89088K, used 75914K [0x0000000780000000, 0x0000000800000000)
  region size 1024K, 52 young (53248K), 0 survivors (0K)
 Metaspace       used 70971K, committed 71744K, reserved 1114112K
  class space    used 9802K, committed 10112K, reserved 1048576K
}
Event: 1145.034 GC heap after
{Heap after GC invocations=54 (full 3):
 garbage-first heap   total 89088K, used 28757K [0x0000000780000000, 0x0000000800000000)
  region size 1024K, 5 young (5120K), 5 survivors (5120K)
 Metaspace       used 70971K, committed 71744K, reserved 1114112K
  class space    used 9802K, committed 10112K, reserved 1048576K
}
Event: 1145.364 GC heap before
{Heap before GC invocations=55 (full 3):
 garbage-first heap   total 89088K, used 75861K [0x0000000780000000, 0x0000000800000000)
  region size 1024K, 51 young (52224K), 5 survivors (5120K)
 Metaspace       used 71305K, committed 71872K, reserved 1114112K
  class space    used 9828K, committed 10112K, reserved 1048576K
}
Event: 1145.368 GC heap after
{Heap after GC invocations=56 (full 3):
 garbage-first heap   total 89088K, used 31917K [0x0000000780000000, 0x0000000800000000)
  region size 1024K, 4 young (4096K), 4 survivors (4096K)
 Metaspace       used 71305K, committed 71872K, reserved 1114112K
  class space    used 9828K, committed 10112K, reserved 1048576K
}
Event: 1176.861 GC heap before
{Heap before GC invocations=56 (full 3):
 garbage-first heap   total 89088K, used 74925K [0x0000000780000000, 0x0000000800000000)
  region size 1024K, 47 young (48128K), 4 survivors (4096K)
 Metaspace       used 71391K, committed 72000K, reserved 1114112K
  class space    used 9838K, committed 10176K, reserved 1048576K
}
Event: 1176.897 GC heap after
{Heap after GC invocations=57 (full 4):
 garbage-first heap   total 89088K, used 26548K [0x0000000780000000, 0x0000000800000000)
  region size 1024K, 0 young (0K), 0 survivors (0K)
 Metaspace       used 70760K, committed 71744K, reserved 1114112K
  class space    used 9773K, committed 10176K, reserved 1048576K
}
Event: 1177.666 GC heap before
{Heap before GC invocations=57 (full 4):
 garbage-first heap   total 89088K, used 77748K [0x0000000780000000, 0x0000000800000000)
  region size 1024K, 50 young (51200K), 0 survivors (0K)
 Metaspace       used 70973K, committed 71744K, reserved 1114112K
  class space    used 9797K, committed 10176K, reserved 1048576K
}
Event: 1177.668 GC heap after
{Heap after GC invocations=58 (full 4):
 garbage-first heap   total 89088K, used 30527K [0x0000000780000000, 0x0000000800000000)
  region size 1024K, 4 young (4096K), 4 survivors (4096K)
 Metaspace       used 70973K, committed 71744K, reserved 1114112K
  class space    used 9797K, committed 10176K, reserved 1048576K
}
Event: 1177.904 GC heap before
{Heap before GC invocations=59 (full 4):
 garbage-first heap   total 89088K, used 77631K [0x0000000780000000, 0x0000000800000000)
  region size 1024K, 50 young (51200K), 4 survivors (4096K)
 Metaspace       used 71294K, committed 71936K, reserved 1114112K
  class space    used 9816K, committed 10176K, reserved 1048576K
}
Event: 1177.907 GC heap after
{Heap after GC invocations=60 (full 4):
 garbage-first heap   total 89088K, used 33029K [0x0000000780000000, 0x0000000800000000)
  region size 1024K, 3 young (3072K), 3 survivors (3072K)
 Metaspace       used 71294K, committed 71936K, reserved 1114112K
  class space    used 9816K, committed 10176K, reserved 1048576K
}
Event: 1219.810 GC heap before
{Heap before GC invocations=60 (full 4):
 garbage-first heap   total 89088K, used 78085K [0x0000000780000000, 0x0000000800000000)
  region size 1024K, 47 young (48128K), 3 survivors (3072K)
 Metaspace       used 71336K, committed 72000K, reserved 1114112K
  class space    used 9820K, committed 10176K, reserved 1048576K
}
Event: 1219.813 GC heap after
{Heap after GC invocations=61 (full 4):
 garbage-first heap   total 89088K, used 34188K [0x0000000780000000, 0x0000000800000000)
  region size 1024K, 4 young (4096K), 4 survivors (4096K)
 Metaspace       used 71336K, committed 72000K, reserved 1114112K
  class space    used 9820K, committed 10176K, reserved 1048576K
}
Event: 1236.095 GC heap before
{Heap before GC invocations=61 (full 4):
 garbage-first heap   total 89088K, used 47500K [0x0000000780000000, 0x0000000800000000)
  region size 1024K, 18 young (18432K), 4 survivors (4096K)
 Metaspace       used 71339K, committed 72000K, reserved 1114112K
  class space    used 9821K, committed 10176K, reserved 1048576K
}
Event: 1236.138 GC heap after
{Heap after GC invocations=62 (full 5):
 garbage-first heap   total 89088K, used 26705K [0x0000000780000000, 0x0000000800000000)
  region size 1024K, 0 young (0K), 0 survivors (0K)
 Metaspace       used 71242K, committed 72000K, reserved 1114112K
  class space    used 9795K, committed 10176K, reserved 1048576K
}
Event: 1236.689 GC heap before
{Heap before GC invocations=62 (full 5):
 garbage-first heap   total 89088K, used 75857K [0x0000000780000000, 0x0000000800000000)
  region size 1024K, 49 young (50176K), 0 survivors (0K)
 Metaspace       used 71459K, committed 72128K, reserved 1114112K
  class space    used 9823K, committed 10176K, reserved 1048576K
}
Event: 1236.692 GC heap after
{Heap after GC invocations=63 (full 5):
 garbage-first heap   total 89088K, used 30507K [0x0000000780000000, 0x0000000800000000)
  region size 1024K, 4 young (4096K), 4 survivors (4096K)
 Metaspace       used 71459K, committed 72128K, reserved 1114112K
  class space    used 9823K, committed 10176K, reserved 1048576K
}

